<?xml version="1.0" encoding="UTF-8"?>
<testng-results total="5" passed="5" failed="0" skipped="0">
  <reporter-output>
  </reporter-output>
  <suite started-at="2021-03-01T06:20:32Z" name="workflowSuite" finished-at="2021-03-01T06:20:58Z" duration-ms="26092">
    <groups>
    </groups>
    <test started-at="2021-03-01T06:20:32Z" name="Test1" finished-at="2021-03-01T06:20:58Z" duration-ms="26092">
      <class name="tests.SampleTest">
        <test-method is-config="true" signature="setup(java.lang.String)[pri:0, instance:tests.SampleTest@255b53dc]" started-at="2021-03-01T11:49:56Z" name="setup" finished-at="2021-03-01T11:50:32Z" duration-ms="35320" status="PASS">
          <params>
            <param index="0">
              <value>
                <![CDATA[Sample.xml]]>
              </value>
            </param>
          </params>
          <reporter-output>
          </reporter-output>
        </test-method> <!-- setup -->
        <test-method is-config="true" signature="beforeclass()[pri:0, instance:tests.SampleTest@255b53dc]" started-at="2021-03-01T11:50:32Z" name="beforeclass" finished-at="2021-03-01T11:50:32Z" duration-ms="1" status="PASS">
          <reporter-output>
          </reporter-output>
        </test-method> <!-- beforeclass -->
        <test-method is-config="true" signature="nameBefore(java.lang.reflect.Method)[pri:0, instance:tests.SampleTest@255b53dc]" started-at="2021-03-01T11:50:32Z" name="nameBefore" finished-at="2021-03-01T11:50:32Z" duration-ms="7" status="PASS">
          <params>
            <param index="0">
              <value>
                <![CDATA[public static void tests.SampleTest.facebookName()]]>
              </value>
            </param>
          </params>
          <reporter-output>
          </reporter-output>
        </test-method> <!-- nameBefore -->
        <test-method signature="facebookName()[pri:1, instance:tests.SampleTest@255b53dc]" started-at="2021-03-01T11:50:32Z" name="facebookName" finished-at="2021-03-01T11:50:35Z" duration-ms="2917" status="PASS">
          <reporter-output>
          </reporter-output>
        </test-method> <!-- facebookName -->
        <test-method is-config="true" signature="afterMethod(java.lang.reflect.Method)[pri:0, instance:tests.SampleTest@255b53dc]" started-at="2021-03-01T11:50:35Z" name="afterMethod" finished-at="2021-03-01T11:50:36Z" duration-ms="916" status="PASS">
          <params>
            <param index="0">
              <value>
                <![CDATA[public static void tests.SampleTest.facebookName()]]>
              </value>
            </param>
          </params>
          <reporter-output>
          </reporter-output>
        </test-method> <!-- afterMethod -->
        <test-method is-config="true" signature="nameBefore(java.lang.reflect.Method)[pri:0, instance:tests.SampleTest@255b53dc]" started-at="2021-03-01T11:50:36Z" name="nameBefore" finished-at="2021-03-01T11:50:36Z" duration-ms="0" status="PASS">
          <params>
            <param index="0">
              <value>
                <![CDATA[public static void tests.SampleTest.facebookMobileNumber()]]>
              </value>
            </param>
          </params>
          <reporter-output>
          </reporter-output>
        </test-method> <!-- nameBefore -->
        <test-method signature="facebookMobileNumber()[pri:2, instance:tests.SampleTest@255b53dc]" started-at="2021-03-01T11:50:36Z" name="facebookMobileNumber" finished-at="2021-03-01T11:50:38Z" duration-ms="1880" status="PASS">
          <reporter-output>
          </reporter-output>
        </test-method> <!-- facebookMobileNumber -->
        <test-method is-config="true" signature="afterMethod(java.lang.reflect.Method)[pri:0, instance:tests.SampleTest@255b53dc]" started-at="2021-03-01T11:50:38Z" name="afterMethod" finished-at="2021-03-01T11:50:38Z" duration-ms="73" status="PASS">
          <params>
            <param index="0">
              <value>
                <![CDATA[public static void tests.SampleTest.facebookMobileNumber()]]>
              </value>
            </param>
          </params>
          <reporter-output>
          </reporter-output>
        </test-method> <!-- afterMethod -->
        <test-method is-config="true" signature="nameBefore(java.lang.reflect.Method)[pri:0, instance:tests.SampleTest@255b53dc]" started-at="2021-03-01T11:50:38Z" name="nameBefore" finished-at="2021-03-01T11:50:38Z" duration-ms="1" status="PASS">
          <params>
            <param index="0">
              <value>
                <![CDATA[public static void tests.SampleTest.facebookSPassword()]]>
              </value>
            </param>
          </params>
          <reporter-output>
          </reporter-output>
        </test-method> <!-- nameBefore -->
        <test-method signature="facebookSPassword()[pri:3, instance:tests.SampleTest@255b53dc]" started-at="2021-03-01T11:50:38Z" name="facebookSPassword" finished-at="2021-03-01T11:50:39Z" duration-ms="1120" status="PASS">
          <reporter-output>
          </reporter-output>
        </test-method> <!-- facebookSPassword -->
        <test-method is-config="true" signature="afterMethod(java.lang.reflect.Method)[pri:0, instance:tests.SampleTest@255b53dc]" started-at="2021-03-01T11:50:39Z" name="afterMethod" finished-at="2021-03-01T11:50:39Z" duration-ms="47" status="PASS">
          <params>
            <param index="0">
              <value>
                <![CDATA[public static void tests.SampleTest.facebookSPassword()]]>
              </value>
            </param>
          </params>
          <reporter-output>
          </reporter-output>
        </test-method> <!-- afterMethod -->
        <test-method signature="facebookconpassword()[pri:4, instance:tests.SampleTest@255b53dc]" started-at="2021-03-01T11:50:39Z" name="facebookconpassword" finished-at="2021-03-01T11:50:40Z" duration-ms="1037" status="PASS">
          <reporter-output>
          </reporter-output>
        </test-method> <!-- facebookconpassword -->
        <test-method is-config="true" signature="nameBefore(java.lang.reflect.Method)[pri:0, instance:tests.SampleTest@255b53dc]" started-at="2021-03-01T11:50:39Z" name="nameBefore" finished-at="2021-03-01T11:50:39Z" duration-ms="0" status="PASS">
          <params>
            <param index="0">
              <value>
                <![CDATA[public static void tests.SampleTest.facebookconpassword()]]>
              </value>
            </param>
          </params>
          <reporter-output>
          </reporter-output>
        </test-method> <!-- nameBefore -->
        <test-method is-config="true" signature="afterMethod(java.lang.reflect.Method)[pri:0, instance:tests.SampleTest@255b53dc]" started-at="2021-03-01T11:50:40Z" name="afterMethod" finished-at="2021-03-01T11:50:40Z" duration-ms="85" status="PASS">
          <params>
            <param index="0">
              <value>
                <![CDATA[public static void tests.SampleTest.facebookconpassword()]]>
              </value>
            </param>
          </params>
          <reporter-output>
          </reporter-output>
        </test-method> <!-- afterMethod -->
        <test-method signature="facebookSignUp()[pri:5, instance:tests.SampleTest@255b53dc]" started-at="2021-03-01T11:50:40Z" name="facebookSignUp" finished-at="2021-03-01T11:50:58Z" duration-ms="17730" status="PASS">
          <reporter-output>
          </reporter-output>
        </test-method> <!-- facebookSignUp -->
        <test-method is-config="true" signature="nameBefore(java.lang.reflect.Method)[pri:0, instance:tests.SampleTest@255b53dc]" started-at="2021-03-01T11:50:40Z" name="nameBefore" finished-at="2021-03-01T11:50:40Z" duration-ms="0" status="PASS">
          <params>
            <param index="0">
              <value>
                <![CDATA[public static void tests.SampleTest.facebookSignUp()]]>
              </value>
            </param>
          </params>
          <reporter-output>
          </reporter-output>
        </test-method> <!-- nameBefore -->
        <test-method is-config="true" signature="afterMethod(java.lang.reflect.Method)[pri:0, instance:tests.SampleTest@255b53dc]" started-at="2021-03-01T11:50:58Z" name="afterMethod" finished-at="2021-03-01T11:50:58Z" duration-ms="83" status="PASS">
          <params>
            <param index="0">
              <value>
                <![CDATA[public static void tests.SampleTest.facebookSignUp()]]>
              </value>
            </param>
          </params>
          <reporter-output>
          </reporter-output>
        </test-method> <!-- afterMethod -->
        <test-method is-config="true" signature="tearDown()[pri:0, instance:tests.SampleTest@255b53dc]" started-at="2021-03-01T11:50:58Z" name="tearDown" finished-at="2021-03-01T11:51:03Z" duration-ms="4198" status="PASS">
          <reporter-output>
          </reporter-output>
        </test-method> <!-- tearDown -->
      </class> <!-- tests.SampleTest -->
    </test> <!-- Test1 -->
  </suite> <!-- workflowSuite -->
</testng-results>
