<?xml version="1.0" encoding="UTF-8"?>
<testsuite xmlns:xsi="http://www.w3.org/2001/XMLSchema-instance" xsi:schemaLocation="https://maven.apache.org/surefire/maven-surefire-plugin/xsd/surefire-test-report.xsd" name="TestSuite" time="67.903" tests="5" errors="0" skipped="0" failures="0">
  <properties>
[...]
</properties>
  <testcase name="facebookName" classname="tests.SampleTest" time="2.915"/>
  <testcase name="facebookMobileNumber" classname="tests.SampleTest" time="1.875"/>
  <testcase name="facebookSPassword" classname="tests.SampleTest" time="1.108"/>
  <testcase name="facebookconpassword" classname="tests.SampleTest" time="1.021"/>
  <testcase name="facebookSignUp" classname="tests.SampleTest" time="17.735"/>
</testsuite>