<?xml version="1.0" encoding="UTF-8"?>
<!-- Generated by org.testng.reporters.JUnitXMLReporter -->
<testsuite hostname="ML147" failures="0" tests="5" name="Test1" time="26.092" errors="0" timestamp="1 Mar 2021 06:20:58 GMT">
  <testcase classname="tests.SampleTest" name="facebookName" time="2.917"/>
  <testcase classname="tests.SampleTest" name="facebookMobileNumber" time="1.88"/>
  <testcase classname="tests.SampleTest" name="facebookSPassword" time="1.12"/>
  <testcase classname="tests.SampleTest" name="facebookconpassword" time="1.037"/>
  <testcase classname="tests.SampleTest" name="facebookSignUp" time="17.73"/>
</testsuite> <!-- Test1 -->
